<?xml version="1.0" encoding="UTF-8"?>
<!-- Generated by org.testng.reporters.JUnitXMLReporter -->
<testsuite hostname="LAPTOP-8IUM7N1I" name="Default test" tests="2" failures="0" timestamp="11 Feb 2021 09:19:50 GMT" time="42.569" errors="0">
  <testcase name="Suppliercreation" time="18.356" classname="com.ERP.DriverFactory.DatadrivenDriverScript"/>
  <testcase name="Customercreation" time="15.538" classname="com.ERP.DriverFactory.DatadrivenDriverScript"/>
</testsuite> <!-- Default test -->
