<?xml version="1.0" encoding="UTF-8"?>
<testng-results skipped="0" failed="0" total="2" passed="2">
  <reporter-output>
    <line>
      <![CDATA[Login successful]]>
    </line>
    <line>
      <![CDATA[No of rows :: 3  No of columns:: 10]]>
    </line>
    <line>
      <![CDATA[No of rows :: 3  No of columns:: 10]]>
    </line>
  </reporter-output>
  <suite name="Default suite" duration-ms="42569" started-at="2021-02-11T09:19:08Z" finished-at="2021-02-11T09:19:50Z">
    <groups>
    </groups>
    <test name="Default test" duration-ms="42569" started-at="2021-02-11T09:19:08Z" finished-at="2021-02-11T09:19:50Z">
      <class name="com.ERP.DriverFactory.DatadrivenDriverScript">
        <test-method status="PASS" signature="Setup()[pri:0, instance:com.ERP.DriverFactory.DatadrivenDriverScript@1d057a39]" name="Setup" is-config="true" duration-ms="8468" started-at="2021-02-11T09:19:08Z" finished-at="2021-02-11T09:19:16Z">
          <reporter-output>
            <line>
              <![CDATA[Login successful]]>
            </line>
          </reporter-output>
        </test-method> <!-- Setup -->
        <test-method status="PASS" signature="Suppliercreation()[pri:1, instance:com.ERP.DriverFactory.DatadrivenDriverScript@1d057a39]" name="Suppliercreation" duration-ms="18356" started-at="2021-02-11T09:19:16Z" finished-at="2021-02-11T09:19:35Z">
          <reporter-output>
            <line>
              <![CDATA[No of rows :: 3  No of columns:: 10]]>
            </line>
          </reporter-output>
        </test-method> <!-- Suppliercreation -->
        <test-method status="PASS" signature="Customercreation()[pri:2, instance:com.ERP.DriverFactory.DatadrivenDriverScript@1d057a39]" name="Customercreation" duration-ms="15538" started-at="2021-02-11T09:19:35Z" finished-at="2021-02-11T09:19:50Z">
          <reporter-output>
            <line>
              <![CDATA[No of rows :: 3  No of columns:: 10]]>
            </line>
          </reporter-output>
        </test-method> <!-- Customercreation -->
        <test-method status="PASS" signature="TearDown()[pri:0, instance:com.ERP.DriverFactory.DatadrivenDriverScript@1d057a39]" name="TearDown" is-config="true" duration-ms="182" started-at="2021-02-11T09:19:50Z" finished-at="2021-02-11T09:19:50Z">
          <reporter-output>
          </reporter-output>
        </test-method> <!-- TearDown -->
      </class> <!-- com.ERP.DriverFactory.DatadrivenDriverScript -->
    </test> <!-- Default test -->
  </suite> <!-- Default suite -->
</testng-results>
